First wallet address: 4579c3faf8229cc57215f9f211a861367e3e00b516211b96fb5153c8718d5f3e
Moved config to /home/lpaydat/.config/linera-1
1 4579c3faf8229cc57215f9f211a861367e3e00b516211b96fb5153c8718d5f3e
Transferring 99.99 from d00e326112cc3d2abb05d6c35672845938ea92096dbc14ceb97f0f18089ce638 to 4579c3faf8229cc57215f9f211a861367e3e00b516211b96fb5153c8718d5f3e
Transfer completed successfully
Moved config to /home/lpaydat/.config/linera-2
2 d00e326112cc3d2abb05d6c35672845938ea92096dbc14ceb97f0f18089ce638
Transferring 99.99 from de90191742c95114d6fa5d3fe3acc5ef9aa726c58f8cca3ce0945ea8d4889b72 to 4579c3faf8229cc57215f9f211a861367e3e00b516211b96fb5153c8718d5f3e
Transfer completed successfully
Moved config to /home/lpaydat/.config/linera-3
3 de90191742c95114d6fa5d3fe3acc5ef9aa726c58f8cca3ce0945ea8d4889b72
Transferring 99.99 from 5d7a3c567f26a92bef27fe224b9404ddb642b7e3914cfbd59fcb83c66e0ba894 to 4579c3faf8229cc57215f9f211a861367e3e00b516211b96fb5153c8718d5f3e
Transfer completed successfully
Moved config to /home/lpaydat/.config/linera-4
4 5d7a3c567f26a92bef27fe224b9404ddb642b7e3914cfbd59fcb83c66e0ba894
Transferring 99.99 from 449b4f8f55c969ee11740407010490be34cd71da804b9479b2e810e609ff6072 to 4579c3faf8229cc57215f9f211a861367e3e00b516211b96fb5153c8718d5f3e
Transfer completed successfully
Moved config to /home/lpaydat/.config/linera-5
5 449b4f8f55c969ee11740407010490be34cd71da804b9479b2e810e609ff6072
Transferring 99.99 from 836a444b51c6fb8bf7e2ad5cfafee2c26a7d81fb37883fa367fbcb3907762a07 to 4579c3faf8229cc57215f9f211a861367e3e00b516211b96fb5153c8718d5f3e
Transfer completed successfully
Moved config to /home/lpaydat/.config/linera-6
6 836a444b51c6fb8bf7e2ad5cfafee2c26a7d81fb37883fa367fbcb3907762a07
